sample/build/intermediates/manifest_merge_blame_file/debug/manifest-merger-blame-debug-report.txt
1<?xml version="1.0" encoding="utf-8"?>
2<manifest xmlns:android="http://schemas.android.com/apk/res/android"
3    package="com.sha.formvalidatorsample"
4    android:versionCode="1"
5    android:versionName="1.0" >
6
7    <uses-sdk
8        android:minSdkVersion="15"
8-->src/main/AndroidManifest.xml
9        android:targetSdkVersion="28" />
9-->src/main/AndroidManifest.xml
10
11    <uses-permission android:name="android.permission.INTERNET" />
11-->src/main/AndroidManifest.xml:4:5-66
11-->src/main/AndroidManifest.xml:4:22-64
12
13    <application
13-->src/main/AndroidManifest.xml:6:5-36:19
14        android:name="com.sha.formvalidatorsample.App"
14-->src/main/AndroidManifest.xml:7:9-28
15        android:appComponentFactory="androidx.core.app.CoreComponentFactory"
15-->[androidx.core:core:1.2.0-rc01] AndroidManifest.xml:24:18-86
16        android:debuggable="true"
17        android:icon="@mipmap/ic_launcher"
17-->src/main/AndroidManifest.xml:8:9-43
18        android:label="@string/app_name"
18-->src/main/AndroidManifest.xml:9:9-41
19        android:testOnly="true"
20        android:theme="@style/AppTheme" >
20-->src/main/AndroidManifest.xml:10:9-40
21        <activity
21-->src/main/AndroidManifest.xml:12:9-20:20
22            android:name="com.sha.formvalidatorsample.ui.MainActivity"
22-->src/main/AndroidManifest.xml:13:13-44
23            android:label="@string/app_name" >
23-->src/main/AndroidManifest.xml:14:13-45
24            <intent-filter>
24-->src/main/AndroidManifest.xml:15:13-19:29
25                <action android:name="android.intent.action.MAIN" />
25-->src/main/AndroidManifest.xml:16:17-69
25-->src/main/AndroidManifest.xml:16:25-66
26
27                <category android:name="android.intent.category.LAUNCHER" />
27-->src/main/AndroidManifest.xml:18:17-77
27-->src/main/AndroidManifest.xml:18:27-74
28            </intent-filter>
29        </activity>
30        <activity android:name="com.sha.formvalidatorsample.ui.FieldsActivity" />
30-->src/main/AndroidManifest.xml:22:9-55
30-->src/main/AndroidManifest.xml:22:19-52
31        <activity android:name="com.sha.formvalidatorsample.ui.FormActivity" />
31-->src/main/AndroidManifest.xml:23:9-53
31-->src/main/AndroidManifest.xml:23:19-50
32        <activity android:name="com.sha.formvalidatorsample.ui.RxFormActivity" />
32-->src/main/AndroidManifest.xml:24:9-55
32-->src/main/AndroidManifest.xml:24:19-52
33        <activity android:name="com.sha.formvalidatorsample.ui.FieldActivity" />
33-->src/main/AndroidManifest.xml:25:9-54
33-->src/main/AndroidManifest.xml:25:19-51
34        <activity android:name="com.sha.formvalidatorsample.ui.EmailOrCreditCardActivity" />
34-->src/main/AndroidManifest.xml:26:9-66
34-->src/main/AndroidManifest.xml:26:19-63
35        <activity android:name="com.sha.formvalidatorsample.ui.PrefixAndRangeValidatorActivity" />
35-->src/main/AndroidManifest.xml:27:9-72
35-->src/main/AndroidManifest.xml:27:19-69
36        <activity android:name="com.sha.formvalidatorsample.ui.PasswordValidatorActivity" />
36-->src/main/AndroidManifest.xml:28:9-66
36-->src/main/AndroidManifest.xml:28:19-63
37        <activity android:name="com.sha.formvalidatorsample.ui.AutoCompleteTextViewActivity" />
37-->src/main/AndroidManifest.xml:29:9-69
37-->src/main/AndroidManifest.xml:29:19-66
38        <activity
38-->src/main/AndroidManifest.xml:31:9-34:20
39            android:name="com.sha.formvalidatorsample.ui.SettingsActivity"
39-->src/main/AndroidManifest.xml:32:13-48
40            android:label="Preferences" >
40-->src/main/AndroidManifest.xml:33:13-40
41        </activity>
42
43        <provider
43-->[com.squareup.picasso:picasso:2.71828] AndroidManifest.xml:8:9-11:40
44            android:name="com.squareup.picasso.PicassoProvider"
44-->[com.squareup.picasso:picasso:2.71828] AndroidManifest.xml:9:13-64
45            android:authorities="com.sha.formvalidatorsample.com.squareup.picasso"
45-->[com.squareup.picasso:picasso:2.71828] AndroidManifest.xml:10:13-72
46            android:exported="false" />
46-->[com.squareup.picasso:picasso:2.71828] AndroidManifest.xml:11:13-37
47    </application>
48
49</manifest>